Compiling the Fortran compiler identification source file "CMakeFortranCompilerId.F" failed.
Compiler: /home/thomas/NDK/android-ndk-r10e/toolchains/arm-linux-androideabi-4.9/prebuilt/linux-x86_64/bin/arm-linux-androideabi-gfortran 
Build flags: 
Id flags: 

The output was:
1
Assembler messages:
Fatal error: invalid -march= option: `armv5te'


Compiling the Fortran compiler identification source file "CMakeFortranCompilerId.F" failed.
Compiler: /home/thomas/NDK/android-ndk-r10e/toolchains/arm-linux-androideabi-4.9/prebuilt/linux-x86_64/bin/arm-linux-androideabi-gfortran 
Build flags: 
Id flags: -c

The output was:
1
Assembler messages:
Fatal error: invalid -march= option: `armv5te'


Compiling the Fortran compiler identification source file "CMakeFortranCompilerId.F" failed.
Compiler: /home/thomas/NDK/android-ndk-r10e/toolchains/arm-linux-androideabi-4.9/prebuilt/linux-x86_64/bin/arm-linux-androideabi-gfortran 
Build flags: 
Id flags: -fpp

The output was:
1
arm-linux-androideabi-gfortran: error: unrecognized command line option '-fpp'


Checking whether the Fortran compiler is Compaq using "-what" did not match "Compaq Visual Fortran":
arm-linux-androideabi-gfortran: error: unrecognized command line option '-what'
arm-linux-androideabi-gfortran: fatal error: no input files
compilation terminated.
Checking whether the Fortran compiler is NAG using "-V" did not match "NAG Fortran Compiler":
arm-linux-androideabi-gfortran: error: unrecognized command line option '-V'
arm-linux-androideabi-gfortran: fatal error: no input files
compilation terminated.
Determining if the Fortran compiler works failed with the following output:
Change Dir: /home/thomas/build/android-cmake/cmdline/build/armeabi/CMakeFiles/CMakeTmp

Run Build Command:"/usr/bin/make" "cmTryCompileExec1051986817/fast"
/usr/bin/make -f CMakeFiles/cmTryCompileExec1051986817.dir/build.make CMakeFiles/cmTryCompileExec1051986817.dir/build
make[1]: Entering directory `/home/thomas/build/android-cmake/cmdline/build/armeabi/CMakeFiles/CMakeTmp'
/home/thomas/cmake-3.2.2/bin/cmake -E cmake_progress_report /home/thomas/build/android-cmake/cmdline/build/armeabi/CMakeFiles/CMakeTmp/CMakeFiles 1
Building Fortran object CMakeFiles/cmTryCompileExec1051986817.dir/testFortranCompiler.f.o
/home/thomas/NDK/android-ndk-r10e/toolchains/arm-linux-androideabi-4.9/prebuilt/linux-x86_64/bin/arm-linux-androideabi-gfortran  -DANDROID -isystem /home/thomas/NDK/android-ndk-r10e/platforms/android-14/arch-arm/usr/include -isystem /home/thomas/NDK/android-ndk-r10e/sources/cxx-stl/gnu-libstdc++/4.9/include -isystem /home/thomas/NDK/android-ndk-r10e/sources/cxx-stl/gnu-libstdc++/4.9/libs/armeabi/include -isystem /home/thomas/NDK/android-ndk-r10e/sources/cxx-stl/gnu-libstdc++/4.9/include/backward    -c /home/thomas/build/android-cmake/cmdline/build/armeabi/CMakeFiles/CMakeTmp/testFortranCompiler.f -o CMakeFiles/cmTryCompileExec1051986817.dir/testFortranCompiler.f.o
Assembler messages:
Fatal error: invalid -march= option: `armv5te'
make[1]: *** [CMakeFiles/cmTryCompileExec1051986817.dir/testFortranCompiler.f.o] Error 1
make[1]: Leaving directory `/home/thomas/build/android-cmake/cmdline/build/armeabi/CMakeFiles/CMakeTmp'
make: *** [cmTryCompileExec1051986817/fast] Error 2


